<?xml version="1.0" encoding="UTF-8"?>
<!-- Generated by org.testng.reporters.JUnitReportReporter -->
<testsuite hostname="LAPTOP-FJAVPFTE" failures="0" tests="3" name="Ejercicios.Fase3" time="4.922" errors="0" timestamp="2020-12-24T11:19:17 CST" skipped="0">
  <testcase classname="Ejercicios.Fase3" name="loginFail" time="1.304"/>
  <system-out/>
  <testcase classname="Ejercicios.Fase3" name="login" time="2.131"/>
  <system-out>
Usuario IngresadoAdmin Password Ingresadoadmin123
 Click en Login   </system-out>
  <testcase classname="Ejercicios.Fase3" name="logout" time="1.487"/>
  <system-out>
Click en welcome  Click en Logout   </system-out>
</testsuite> <!-- Ejercicios.Fase3 -->
