<?xml version="1.0" encoding="UTF-8"?>
<!-- Generated by org.testng.reporters.JUnitReportReporter -->
<testsuite hostname="LAPTOP-FJAVPFTE" failures="0" tests="3" name="Ejercicios.Fase7" time="5.139" errors="0" timestamp="2020-12-27T15:35:35 CST" skipped="0">
  <testcase classname="Ejercicios.Fase7" name="loginFail" time="1.074"/>
  <system-out/>
  <testcase classname="Ejercicios.Fase7" name="login" time="3.303"/>
  <system-out>
El elemento existe Scroll al elemento El texto se ingreso correctamente:Admin El elemento existe Scroll al elemento El texto se ingreso correctamente:admin123 Click en Login  El login fue exitoso  </system-out>
  <testcase classname="Ejercicios.Fase7" name="logout" time="0.762"/>
  <system-out>
Click en welcome  Click en Logout   </system-out>
</testsuite> <!-- Ejercicios.Fase7 -->
