<?xml version="1.0" encoding="UTF-8"?>
<!-- Generated by org.testng.reporters.JUnitReportReporter -->
<testsuite hostname="LAPTOP-FJAVPFTE" failures="0" tests="3" name="Ejercicios.Fase8" time="14.905" errors="0" timestamp="2021-01-01T14:48:43 CST" skipped="0">
  <testcase classname="Ejercicios.Fase8" name="loginFail" time="1.383"/>
  <system-out/>
  <testcase classname="Ejercicios.Fase8" name="login" time="12.263"/>
  <system-out>
El elemento existe Scroll al elemento El texto se ingreso correctamente:Admin El elemento existe Scroll al elemento El texto se ingreso correctamente:admin123 Click en Login  El elemento existe El login fue exitoso  </system-out>
  <testcase classname="Ejercicios.Fase8" name="logout" time="1.259"/>
  <system-out>
Click en welcome  Click en Logout   </system-out>
</testsuite> <!-- Ejercicios.Fase8 -->
