<?xml version="1.0" encoding="UTF-8"?>
<!-- Generated by org.testng.reporters.JUnitReportReporter -->
<testsuite hostname="LAPTOP-FJAVPFTE" failures="0" tests="3" name="Ejercicios.Fase11" time="17.664" errors="0" timestamp="2021-01-01T19:41:24 CST" skipped="0">
  <testcase classname="Ejercicios.Fase11" name="loginFail" time="1.256"/>
  <system-out/>
  <testcase classname="Ejercicios.Fase11" name="login" time="15.347"/>
  <system-out>
El elemento no existe Scroll al elemento El texto se ingreso correctamente:Admin El elemento no existe Scroll al elemento El texto se ingreso correctamente:admin123 Click en Login  El elemento no existe El login fue exitoso  </system-out>
  <testcase classname="Ejercicios.Fase11" name="logout" time="1.061"/>
  <system-out>
Click en welcome  Click en Logout   </system-out>
</testsuite> <!-- Ejercicios.Fase11 -->
