<?xml version="1.0" encoding="UTF-8"?>
<!-- Generated by org.testng.reporters.JUnitReportReporter -->
<testsuite hostname="LAPTOP-FJAVPFTE" failures="0" tests="2" name="Ejercicios.Fase2" time="4.156" errors="0" timestamp="2020-12-23T21:46:16 CST" skipped="0">
  <testcase classname="Ejercicios.Fase2" name="loginFail" time="1.300"/>
  <system-out/>
  <testcase classname="Ejercicios.Fase2" name="login" time="2.856"/>
  <system-out>
Usuario IngresadoAdmintrue Password Ingresadoadmin123
 Click en Login   </system-out>
</testsuite> <!-- Ejercicios.Fase2 -->
